\BOOKMARK [1][-]{section.6}{Introduction}{}% 1
\BOOKMARK [1][-]{section.9}{Related Work}{}% 2
\BOOKMARK [2][-]{subsection.11}{Visual Variables for Uncertainty}{section.9}% 3
\BOOKMARK [2][-]{subsection.13}{Bivariate Maps}{section.9}% 4
\BOOKMARK [1][-]{section.15}{Value-Suppressing Uncertainty Palettes}{}% 5
\BOOKMARK [2][-]{subsection.19}{Design Considerations}{section.15}% 6
\BOOKMARK [2][-]{subsection.21}{Examples}{section.15}% 7
\BOOKMARK [3][-]{subsubsection.23}{Air Travel Delay}{subsection.21}% 8
\BOOKMARK [3][-]{subsubsection.26}{Viral Mutation}{subsection.21}% 9
\BOOKMARK [1][-]{section.29}{Evaluation}{}% 10
\BOOKMARK [2][-]{subsection.34}{Identification Experiment}{section.29}% 11
\BOOKMARK [3][-]{subsubsection.40}{Hypotheses}{subsection.34}% 12
\BOOKMARK [3][-]{subsubsection.44}{Results}{subsection.34}% 13
\BOOKMARK [2][-]{subsection.47}{Prediction Experiment}{section.29}% 14
\BOOKMARK [3][-]{subsubsection.50}{Hypotheses}{subsection.47}% 15
\BOOKMARK [3][-]{subsubsection.54}{Results}{subsection.47}% 16
\BOOKMARK [1][-]{section.57}{Discussion}{}% 17
\BOOKMARK [2][-]{subsection.60}{Limitations and Future Work}{section.57}% 18
\BOOKMARK [2][-]{subsection.62}{Conclusion}{section.57}% 19
\BOOKMARK [1][-]{section.64}{References }{}% 20
